2024-12-30 20:42:33,041 - src.ingestion.data_validator - ERROR - Found 1 values out of range for price_usd
2024-12-30 20:48:13,255 - __main__ - INFO - Fetching current prices...
2024-12-30 20:48:13,732 - __main__ - INFO - Validating data...
2024-12-30 20:48:13,738 - src.ingestion.data_validator - INFO - Data validation completed successfully
2024-12-30 20:48:13,739 - __main__ - INFO - Successfully processed 5 records
2024-12-30 20:51:18,408 - __main__ - INFO - Fetching current prices...
2024-12-30 20:51:18,815 - __main__ - INFO - Validating data...
2024-12-30 20:51:18,818 - src.ingestion.data_validator - INFO - Data validation completed successfully
2024-12-30 20:51:18,828 - __main__ - INFO - Storing data...
2024-12-30 20:51:18,830 - src.storage.local_storage - ERROR - Failed to store data: Unable to find a usable engine; tried using: 'pyarrow', 'fastparquet'.
A suitable version of pyarrow or fastparquet is required for parquet support.
Trying to import the above resulted in these errors:
 - Missing optional dependency 'pyarrow'. pyarrow is required for parquet support. Use pip or conda to install pyarrow.
 - Missing optional dependency 'fastparquet'. fastparquet is required for parquet support. Use pip or conda to install fastparquet.
2024-12-30 20:51:18,830 - __main__ - ERROR - Pipeline failed: Unable to find a usable engine; tried using: 'pyarrow', 'fastparquet'.
A suitable version of pyarrow or fastparquet is required for parquet support.
Trying to import the above resulted in these errors:
 - Missing optional dependency 'pyarrow'. pyarrow is required for parquet support. Use pip or conda to install pyarrow.
 - Missing optional dependency 'fastparquet'. fastparquet is required for parquet support. Use pip or conda to install fastparquet.
2024-12-30 20:53:24,838 - __main__ - INFO - Fetching current prices...
2024-12-30 20:53:25,362 - __main__ - INFO - Validating data...
2024-12-30 20:53:25,368 - src.ingestion.data_validator - INFO - Data validation completed successfully
2024-12-30 20:53:25,368 - __main__ - INFO - Storing data...
2024-12-30 20:53:25,586 - src.storage.local_storage - INFO - Successfully stored data to data\2024/12/30\crypto_data_175325.parquet
2024-12-30 20:53:25,588 - __main__ - INFO - Successfully processed and stored 5 records
2024-12-30 20:58:25,602 - __main__ - INFO - Fetching current prices...
2024-12-30 20:58:25,880 - __main__ - INFO - Validating data...
2024-12-30 20:58:25,882 - src.ingestion.data_validator - INFO - Data validation completed successfully
2024-12-30 20:58:25,883 - __main__ - INFO - Storing data...
2024-12-30 20:58:25,886 - src.storage.local_storage - INFO - Successfully stored data to data\2024/12/30\crypto_data_175825.parquet
2024-12-30 20:58:25,888 - __main__ - INFO - Successfully processed and stored 5 records
